# JRE version: Java(TM) SE Runtime Environment (21.0.2+13) (build 21.0.2+13-LTS-58)
# Java VM: Java HotSpot(TM) 64-Bit Server VM (21.0.2+13-LTS-58, mixed mode, sharing, tiered, compressed oops, compressed class ptrs, g1 gc, windows-amd64)
GC Precious Log:
 CardTable entry size: 512
 Card Set container configuration: InlinePtr #cards 4 size 8 Array Of Cards #cards 16 size 48 Howl #buckets 8 coarsen threshold 3686 Howl Bitmap #cards 512 size 80 coarsen threshold 460 Card regions per heap region 1 cards per card region 4096
 CPUs: 16 total, 16 available
 Memory: 16088M
 Large Page Support: Disabled
 NUMA Support: Disabled
 Compressed Oops: Enabled (Zero based)
 Heap Region Size: 2M
 Heap Min Capacity: 8M
 Heap Initial Capacity: 252M
 Heap Max Capacity: 4024M
 Pre-touch: Disabled
 Parallel Workers: 13
 Concurrent Workers: 3
 Concurrent Refinement Workers: 13
 Periodic GC: Disabled
Heap:
 garbage-first heap   total 481280K, used 372111K [0x00000004d8400000, 0x00000005d3c00000)
  region size 2048K, 59 young (120832K), 10 survivors (20480K)
 Metaspace       used 81868K, committed 83072K, reserved 1179648K
  class space    used 9613K, committed 10176K, reserved 1048576K
GC Heap History (20 events):
Event: 16.161 GC heap before
{Heap before GC invocations=52 (full 0):
 garbage-first heap   total 434176K, used 362686K [0x00000004d8400000, 0x00000005d3c00000)
  region size 2048K, 127 young (260096K), 16 survivors (32768K)
 Metaspace       used 65879K, committed 66944K, reserved 1114112K
  class space    used 7392K, committed 7872K, reserved 1048576K
}
Event: 16.170 GC heap after
{Heap after GC invocations=53 (full 0):
 garbage-first heap   total 434176K, used 137577K [0x00000004d8400000, 0x00000005d3c00000)
  region size 2048K, 9 young (18432K), 9 survivors (18432K)
 Metaspace       used 65879K, committed 66944K, reserved 1114112K
  class space    used 7392K, committed 7872K, reserved 1048576K
}
Event: 18.489 GC heap before
{Heap before GC invocations=53 (full 0):
 garbage-first heap   total 434176K, used 379241K [0x00000004d8400000, 0x00000005d3c00000)
  region size 2048K, 127 young (260096K), 9 survivors (18432K)
 Metaspace       used 67962K, committed 69120K, reserved 1114112K
  class space    used 7630K, committed 8192K, reserved 1048576K
}
Event: 18.499 GC heap after
{Heap after GC invocations=54 (full 0):
 garbage-first heap   total 434176K, used 153600K [0x00000004d8400000, 0x00000005d3c00000)
  region size 2048K, 16 young (32768K), 16 survivors (32768K)
 Metaspace       used 67962K, committed 69120K, reserved 1114112K
  class space    used 7630K, committed 8192K, reserved 1048576K
}
Event: 19.799 GC heap before
{Heap before GC invocations=55 (full 0):
 garbage-first heap   total 434176K, used 385024K [0x00000004d8400000, 0x00000005d3c00000)
  region size 2048K, 125 young (256000K), 16 survivors (32768K)
 Metaspace       used 73824K, committed 74944K, reserved 1179648K
  class space    used 8301K, committed 8832K, reserved 1048576K
}
Event: 19.811 GC heap after
{Heap after GC invocations=56 (full 0):
 garbage-first heap   total 434176K, used 173569K [0x00000004d8400000, 0x00000005d3c00000)
  region size 2048K, 14 young (28672K), 14 survivors (28672K)
 Metaspace       used 73824K, committed 74944K, reserved 1179648K
  class space    used 8301K, committed 8832K, reserved 1048576K
}
Event: 20.483 GC heap before
{Heap before GC invocations=56 (full 0):
 garbage-first heap   total 434176K, used 376321K [0x00000004d8400000, 0x00000005d3c00000)
  region size 2048K, 114 young (233472K), 14 survivors (28672K)
 Metaspace       used 76497K, committed 77696K, reserved 1179648K
  class space    used 8699K, committed 9216K, reserved 1048576K
}
Event: 20.491 GC heap after
{Heap after GC invocations=57 (full 0):
 garbage-first heap   total 434176K, used 175477K [0x00000004d8400000, 0x00000005d3c00000)
  region size 2048K, 6 young (12288K), 6 survivors (12288K)
 Metaspace       used 76497K, committed 77696K, reserved 1179648K
  class space    used 8699K, committed 9216K, reserved 1048576K
}
Event: 29.001 GC heap before
{Heap before GC invocations=57 (full 0):
 garbage-first heap   total 434176K, used 396661K [0x00000004d8400000, 0x00000005d3c00000)
  region size 2048K, 114 young (233472K), 6 survivors (12288K)
 Metaspace       used 77621K, committed 78848K, reserved 1179648K
  class space    used 8734K, committed 9344K, reserved 1048576K
}
Event: 29.009 GC heap after
{Heap after GC invocations=58 (full 0):
 garbage-first heap   total 434176K, used 175584K [0x00000004d8400000, 0x00000005d3c00000)
  region size 2048K, 6 young (12288K), 6 survivors (12288K)
 Metaspace       used 77621K, committed 78848K, reserved 1179648K
  class space    used 8734K, committed 9344K, reserved 1048576K
}
Event: 30.856 GC heap before
{Heap before GC invocations=59 (full 0):
 garbage-first heap   total 434176K, used 398816K [0x00000004d8400000, 0x00000005d3c00000)
  region size 2048K, 114 young (233472K), 6 survivors (12288K)
 Metaspace       used 80304K, committed 81600K, reserved 1179648K
  class space    used 9521K, committed 10112K, reserved 1048576K
}
Event: 30.875 GC heap after
{Heap after GC invocations=60 (full 0):
 garbage-first heap   total 462848K, used 228294K [0x00000004d8400000, 0x00000005d3c00000)
  region size 2048K, 15 young (30720K), 15 survivors (30720K)
 Metaspace       used 80304K, committed 81600K, reserved 1179648K
  class space    used 9521K, committed 10112K, reserved 1048576K
}
Event: 34.461 GC heap before
{Heap before GC invocations=60 (full 0):
 garbage-first heap   total 462848K, used 398278K [0x00000004d8400000, 0x00000005d3c00000)
  region size 2048K, 99 young (202752K), 15 survivors (30720K)
 Metaspace       used 80791K, committed 82048K, reserved 1179648K
  class space    used 9547K, committed 10112K, reserved 1048576K
}
Event: 34.481 GC heap after
{Heap after GC invocations=61 (full 0):
 garbage-first heap   total 462848K, used 253952K [0x00000004d8400000, 0x00000005d3c00000)
  region size 2048K, 13 young (26624K), 13 survivors (26624K)
 Metaspace       used 80791K, committed 82048K, reserved 1179648K
  class space    used 9547K, committed 10112K, reserved 1048576K
}
Event: 36.308 GC heap before
{Heap before GC invocations=61 (full 0):
 garbage-first heap   total 462848K, used 399360K [0x00000004d8400000, 0x00000005d3c00000)
  region size 2048K, 84 young (172032K), 13 survivors (26624K)
 Metaspace       used 81111K, committed 82368K, reserved 1179648K
  class space    used 9558K, committed 10112K, reserved 1048576K
}
Event: 36.318 GC heap after
{Heap after GC invocations=62 (full 0):
 garbage-first heap   total 462848K, used 271865K [0x00000004d8400000, 0x00000005d3c00000)
  region size 2048K, 8 young (16384K), 8 survivors (16384K)
 Metaspace       used 81111K, committed 82368K, reserved 1179648K
  class space    used 9558K, committed 10112K, reserved 1048576K
}
Event: 36.526 GC heap before
{Heap before GC invocations=63 (full 0):
 garbage-first heap   total 481280K, used 396793K [0x00000004d8400000, 0x00000005d3c00000)
  region size 2048K, 74 young (151552K), 8 survivors (16384K)
 Metaspace       used 81030K, committed 82368K, reserved 1179648K
  class space    used 9552K, committed 10112K, reserved 1048576K
}
Event: 36.530 GC heap after
{Heap after GC invocations=64 (full 0):
 garbage-first heap   total 481280K, used 264015K [0x00000004d8400000, 0x00000005d3c00000)
  region size 2048K, 1 young (2048K), 1 survivors (2048K)
 Metaspace       used 81030K, committed 82368K, reserved 1179648K
  class space    used 9552K, committed 10112K, reserved 1048576K
}
Event: 36.972 GC heap before
{Heap before GC invocations=64 (full 0):
 garbage-first heap   total 481280K, used 425807K [0x00000004d8400000, 0x00000005d3c00000)
  region size 2048K, 80 young (163840K), 1 survivors (2048K)
 Metaspace       used 81154K, committed 82496K, reserved 1179648K
  class space    used 9552K, committed 10112K, reserved 1048576K
}
Event: 36.981 GC heap after
{Heap after GC invocations=65 (full 0):
 garbage-first heap   total 481280K, used 273807K [0x00000004d8400000, 0x00000005d3c00000)
  region size 2048K, 10 young (20480K), 10 survivors (20480K)
 Metaspace       used 81154K, committed 82496K, reserved 1179648K
  class space    used 9552K, committed 10112K, reserved 1048576K
}

